0 info it worked if it ends with ok
1 verbose cli [ 'C:\\Program Files\\nodejs\\node.exe',
1 verbose cli   'C:\\Program Files\\nodejs\\node_modules\\npm\\bin\\npm-cli.js',
1 verbose cli   'install',
1 verbose cli   'bootstrap--save' ]
2 info using npm@2.14.20
3 info using node@v4.4.0
4 verbose install initial load of D:\javascript examples\websockets\flashcards\package.json
5 warn package.json flashcards@1.0.0 No description
6 warn package.json flashcards@1.0.0 No repository field.
7 warn package.json flashcards@1.0.0 No README data
8 verbose installManyTop reading scoped package data from D:\javascript examples\websockets\flashcards\node_modules\angular-filter\package.json
9 verbose installManyTop reading scoped package data from D:\javascript examples\websockets\flashcards\node_modules\ng-audio\package.json
10 info package.json ng-audio@0.0.2 No license field.
11 verbose readDependencies loading dependencies from D:\javascript examples\websockets\flashcards\package.json
12 silly cache add args [ 'bootstrap--save', null ]
13 verbose cache add spec bootstrap--save
14 silly cache add parsed spec Result {
14 silly cache add   raw: 'bootstrap--save',
14 silly cache add   scope: null,
14 silly cache add   name: 'bootstrap--save',
14 silly cache add   rawSpec: '',
14 silly cache add   spec: 'latest',
14 silly cache add   type: 'tag' }
15 silly addNamed bootstrap--save@latest
16 verbose addNamed "latest" is being treated as a dist-tag for bootstrap--save
17 info addNameTag [ 'bootstrap--save', 'latest' ]
18 silly mapToRegistry name bootstrap--save
19 silly mapToRegistry using default registry
20 silly mapToRegistry registry https://registry.npmjs.org/
21 silly mapToRegistry uri https://registry.npmjs.org/bootstrap--save
22 verbose addNameTag registry:https://registry.npmjs.org/bootstrap--save not in flight; fetching
23 verbose request uri https://registry.npmjs.org/bootstrap--save
24 verbose request no auth needed
25 info attempt registry request try #1 at 6:22:28 AM
26 verbose request id 76b0827a9bb09282
27 http request GET https://registry.npmjs.org/bootstrap--save
28 http 404 https://registry.npmjs.org/bootstrap--save
29 verbose headers { 'content-type': 'application/json',
29 verbose headers   'cache-control': 'max-age=0',
29 verbose headers   'content-length': '2',
29 verbose headers   'accept-ranges': 'bytes',
29 verbose headers   date: 'Sat, 26 Mar 2016 20:22:31 GMT',
29 verbose headers   via: '1.1 varnish',
29 verbose headers   age: '0',
29 verbose headers   connection: 'keep-alive',
29 verbose headers   'x-served-by': 'cache-bne7721-BNE',
29 verbose headers   'x-cache': 'MISS',
29 verbose headers   'x-cache-hits': '0',
29 verbose headers   'x-timer': 'S1459023750.684309,VS0,VE757' }
30 silly get cb [ 404,
30 silly get   { 'content-type': 'application/json',
30 silly get     'cache-control': 'max-age=0',
30 silly get     'content-length': '2',
30 silly get     'accept-ranges': 'bytes',
30 silly get     date: 'Sat, 26 Mar 2016 20:22:31 GMT',
30 silly get     via: '1.1 varnish',
30 silly get     age: '0',
30 silly get     connection: 'keep-alive',
30 silly get     'x-served-by': 'cache-bne7721-BNE',
30 silly get     'x-cache': 'MISS',
30 silly get     'x-cache-hits': '0',
30 silly get     'x-timer': 'S1459023750.684309,VS0,VE757' } ]
31 verbose stack Error: Registry returned 404 for GET on https://registry.npmjs.org/bootstrap--save
31 verbose stack     at makeError (C:\Program Files\nodejs\node_modules\npm\node_modules\npm-registry-client\lib\request.js:264:12)
31 verbose stack     at CachingRegistryClient.<anonymous> (C:\Program Files\nodejs\node_modules\npm\node_modules\npm-registry-client\lib\request.js:242:14)
31 verbose stack     at Request._callback (C:\Program Files\nodejs\node_modules\npm\node_modules\npm-registry-client\lib\request.js:172:14)
31 verbose stack     at Request.self.callback (C:\Program Files\nodejs\node_modules\npm\node_modules\request\request.js:199:22)
31 verbose stack     at emitTwo (events.js:87:13)
31 verbose stack     at Request.emit (events.js:172:7)
31 verbose stack     at Request.<anonymous> (C:\Program Files\nodejs\node_modules\npm\node_modules\request\request.js:1036:10)
31 verbose stack     at emitOne (events.js:82:20)
31 verbose stack     at Request.emit (events.js:169:7)
31 verbose stack     at IncomingMessage.<anonymous> (C:\Program Files\nodejs\node_modules\npm\node_modules\request\request.js:963:12)
32 verbose statusCode 404
33 verbose pkgid bootstrap--save
34 verbose cwd D:\javascript examples\websockets\flashcards\arabicLetters
35 error Windows_NT 6.2.9200
36 error argv "C:\\Program Files\\nodejs\\node.exe" "C:\\Program Files\\nodejs\\node_modules\\npm\\bin\\npm-cli.js" "install" "bootstrap--save"
37 error node v4.4.0
38 error npm  v2.14.20
39 error code E404
40 error 404 Registry returned 404 for GET on https://registry.npmjs.org/bootstrap--save
40 error 404
40 error 404 'bootstrap--save' is not in the npm registry.
40 error 404 You should bug the author to publish it (or use the name yourself!)
40 error 404 It was specified as a dependency of 'flashcards'
40 error 404
40 error 404 Note that you can also install from a
40 error 404 tarball, folder, http url, or git url.
41 verbose exit [ 1, true ]
